<?xml version="1.0" encoding="UTF-8"?>
<!-- Generated by org.testng.reporters.JUnitReportReporter -->
<testsuite hostname="lap0002514" name="Credit.OKCredit.LoginTest" tests="1" failures="0" timestamp="2 May 2020 22:18:06 GMT" time="50.570" errors="0">
  <testcase name="Login" time="50.570" classname="Credit.OKCredit.LoginTest"/>
</testsuite> <!-- Credit.OKCredit.LoginTest -->
