<?xml version="1.0" encoding="UTF-8"?>
<!-- Generated by org.testng.reporters.JUnitReportReporter -->
<testsuite hostname="lap0002514" name="Credit.OKCredit.BaseTest" tests="1" failures="0" timestamp="2 May 2020 19:10:44 GMT" time="123.197" errors="0">
  <testcase name="launchApp" time="123.197" classname="Credit.OKCredit.BaseTest"/>
</testsuite> <!-- Credit.OKCredit.BaseTest -->
