<?xml version="1.0" encoding="UTF-8"?>
<!-- Generated by org.testng.reporters.JUnitReportReporter -->
<testsuite hostname="lap0002514" name="Credit.OKCredit.BaseClass" tests="1" failures="0" timestamp="2 May 2020 10:32:55 GMT" time="34.954" errors="0">
  <testcase name="Launch" time="34.954" classname="Credit.OKCredit.BaseClass"/>
</testsuite> <!-- Credit.OKCredit.BaseClass -->
