<?xml version="1.0" encoding="UTF-8"?>
<!-- Generated by org.testng.reporters.JUnitReportReporter -->
<testsuite hostname="lap0002514" name="Credit.OKCredit.AddCustomerAndVerifyPaymentTransaction" tests="1" failures="0" timestamp="14 May 2020 13:50:50 GMT" time="69.647" errors="0">
  <testcase name="Login" time="69.647" classname="Credit.OKCredit.AddCustomerAndVerifyPaymentTransaction"/>
</testsuite> <!-- Credit.OKCredit.AddCustomerAndVerifyPaymentTransaction -->
